INFO  [2014-04-19 23:59:29,301] org.reflections.Reflections: Reflections took 210 ms to scan 1 urls, producing 2 keys and 2 values 
DEBUG [2014-04-19 23:59:30,316] edu.sjsu.cmpe.procurement.ProcurementService: Queue name is /queue/37783.book.orders. Topic is /topic/37783.book.
WARN  [2014-04-19 23:59:30,448] com.yammer.dropwizard.config.ServerFactory: 
!!!!!!!!!!!!!!!!!!!!!!!!!!!!!!!!!!!!!!!!!!!!!!!!!!!!!!!!!!!!!!!!!!!!!!!!!!!!!!!!
!!!!!!!!!!!!!!!!!!!!!!!!!!!!!!!!!!!!!!!!!!!!!!!!!!!!!!!!!!!!!!!!!!!!!!!!!!!!!!!!
!    THIS SERVICE HAS NO HEALTHCHECKS. THIS MEANS YOU WILL NEVER KNOW IF IT    !
!    DIES IN PRODUCTION, WHICH MEANS YOU WILL NEVER KNOW IF YOU'RE LETTING     !
!     YOUR USERS DOWN. YOU SHOULD ADD A HEALTHCHECK FOR EACH DEPENDENCY OF     !
!     YOUR SERVICE WHICH FULLY (BUT LIGHTLY) TESTS YOUR SERVICE'S ABILITY TO   !
!      USE THAT SERVICE. THINK OF IT AS A CONTINUOUS INTEGRATION TEST.         !
!!!!!!!!!!!!!!!!!!!!!!!!!!!!!!!!!!!!!!!!!!!!!!!!!!!!!!!!!!!!!!!!!!!!!!!!!!!!!!!!
!!!!!!!!!!!!!!!!!!!!!!!!!!!!!!!!!!!!!!!!!!!!!!!!!!!!!!!!!!!!!!!!!!!!!!!!!!!!!!!!
INFO  [2014-04-19 23:59:30,535] com.yammer.dropwizard.cli.ServerCommand: Starting procurement-service
INFO  [2014-04-19 23:59:30,538] org.eclipse.jetty.server.Server: jetty-8.y.z-SNAPSHOT
INFO  [2014-04-19 23:59:30,738] com.sun.jersey.server.impl.application.WebApplicationImpl: Initiating Jersey application, version 'Jersey: 1.17.1 02/28/2013 12:47 PM'
INFO  [2014-04-19 23:59:30,789] com.yammer.dropwizard.config.Environment: The following paths were found for the configured resources:

    GET     / (edu.sjsu.cmpe.procurement.api.resources.RootResource)

INFO  [2014-04-19 23:59:30,791] com.yammer.dropwizard.config.Environment: tasks = 

    POST    /tasks/gc (com.yammer.dropwizard.tasks.GarbageCollectionTask)

INFO  [2014-04-19 23:59:31,189] org.quartz.impl.StdSchedulerFactory: Using default implementation for ThreadExecutor
INFO  [2014-04-19 23:59:31,194] org.quartz.simpl.SimpleThreadPool: Job execution threads will use class loader of thread: main
INFO  [2014-04-19 23:59:31,212] org.quartz.core.SchedulerSignalerImpl: Initialized Scheduler Signaller of type: class org.quartz.core.SchedulerSignalerImpl
INFO  [2014-04-19 23:59:31,213] org.quartz.core.QuartzScheduler: Quartz Scheduler v.2.2.0 created.
INFO  [2014-04-19 23:59:31,215] org.quartz.simpl.RAMJobStore: RAMJobStore initialized.
INFO  [2014-04-19 23:59:31,216] org.quartz.core.QuartzScheduler: Scheduler meta-data: Quartz Scheduler (v2.2.0) 'DefaultQuartzScheduler' with instanceId 'NON_CLUSTERED'
  Scheduler class: 'org.quartz.core.QuartzScheduler' - running locally.
  NOT STARTED.
  Currently in standby mode.
  Number of jobs executed: 0
  Using thread pool 'org.quartz.simpl.SimpleThreadPool' - with 10 threads.
  Using job-store 'org.quartz.simpl.RAMJobStore' - which does not support persistence. and is not clustered.

INFO  [2014-04-19 23:59:31,216] org.quartz.impl.StdSchedulerFactory: Quartz scheduler 'DefaultQuartzScheduler' initialized from default resource file in Quartz package: 'quartz.properties'
INFO  [2014-04-19 23:59:31,216] org.quartz.impl.StdSchedulerFactory: Quartz scheduler version: 2.2.0
INFO  [2014-04-19 23:59:31,216] org.quartz.core.QuartzScheduler: Scheduler DefaultQuartzScheduler_$_NON_CLUSTERED started.
INFO  [2014-04-19 23:59:31,221] de.spinscale.dropwizard.jobs.JobManager: Jobs to run on application start: []
INFO  [2014-04-19 23:59:31,221] de.spinscale.dropwizard.jobs.JobManager: Jobs with @Every annotation: [class edu.sjsu.cmpe.procurement.jobs.ProcurementSchedulerJob]
INFO  [2014-04-19 23:59:31,243] de.spinscale.dropwizard.jobs.JobManager: Jobs with @On annotation: []
INFO  [2014-04-19 23:59:31,390] org.eclipse.jetty.server.AbstractConnector: Started InstrumentedBlockingChannelConnector@0.0.0.0:9090
INFO  [2014-04-19 23:59:31,398] org.eclipse.jetty.server.AbstractConnector: Started SocketConnector@0.0.0.0:9000
