DEBUG [2014-04-06 20:03:57,728] edu.sjsu.cmpe.library.LibraryService: library-a - Queue name is /queue/99999.book.orders. Topic name is /topic/99999.book.*
WARN  [2014-04-06 20:03:57,748] com.yammer.dropwizard.config.ServerFactory: 
!!!!!!!!!!!!!!!!!!!!!!!!!!!!!!!!!!!!!!!!!!!!!!!!!!!!!!!!!!!!!!!!!!!!!!!!!!!!!!!!
!!!!!!!!!!!!!!!!!!!!!!!!!!!!!!!!!!!!!!!!!!!!!!!!!!!!!!!!!!!!!!!!!!!!!!!!!!!!!!!!
!    THIS SERVICE HAS NO HEALTHCHECKS. THIS MEANS YOU WILL NEVER KNOW IF IT    !
!    DIES IN PRODUCTION, WHICH MEANS YOU WILL NEVER KNOW IF YOU'RE LETTING     !
!     YOUR USERS DOWN. YOU SHOULD ADD A HEALTHCHECK FOR EACH DEPENDENCY OF     !
!     YOUR SERVICE WHICH FULLY (BUT LIGHTLY) TESTS YOUR SERVICE'S ABILITY TO   !
!      USE THAT SERVICE. THINK OF IT AS A CONTINUOUS INTEGRATION TEST.         !
!!!!!!!!!!!!!!!!!!!!!!!!!!!!!!!!!!!!!!!!!!!!!!!!!!!!!!!!!!!!!!!!!!!!!!!!!!!!!!!!
!!!!!!!!!!!!!!!!!!!!!!!!!!!!!!!!!!!!!!!!!!!!!!!!!!!!!!!!!!!!!!!!!!!!!!!!!!!!!!!!
INFO  [2014-04-06 20:03:57,822] com.yammer.dropwizard.cli.ServerCommand: Starting library-service
INFO  [2014-04-06 20:03:57,824] org.eclipse.jetty.server.Server: jetty-8.y.z-SNAPSHOT
INFO  [2014-04-06 20:03:57,951] com.sun.jersey.server.impl.application.WebApplicationImpl: Initiating Jersey application, version 'Jersey: 1.17.1 02/28/2013 12:47 PM'
INFO  [2014-04-06 20:03:58,056] com.yammer.dropwizard.config.Environment: The following paths were found for the configured resources:

    DELETE  /library/v1/books/{isbn} (edu.sjsu.cmpe.library.api.resources.BookResource)
    GET     /library/v1/books/ (edu.sjsu.cmpe.library.api.resources.BookResource)
    GET     /library/v1/books/{isbn} (edu.sjsu.cmpe.library.api.resources.BookResource)
    POST    /library/v1/books (edu.sjsu.cmpe.library.api.resources.BookResource)
    PUT     /library/v1/books/{isbn} (edu.sjsu.cmpe.library.api.resources.BookResource)
    GET     /library/ (edu.sjsu.cmpe.library.ui.resources.HomeResource)
    GET     /library/v1/ (edu.sjsu.cmpe.library.api.resources.RootResource)

INFO  [2014-04-06 20:03:58,057] com.yammer.dropwizard.config.Environment: tasks = 

    POST    /tasks/gc (com.yammer.dropwizard.tasks.GarbageCollectionTask)

WARN  [2014-04-06 20:03:58,710] com.sun.jersey.spi.inject.Errors: The following warnings have been detected with resource and/or provider classes:
  WARNING: A sub-resource method, public edu.sjsu.cmpe.library.dto.BooksDto edu.sjsu.cmpe.library.api.resources.BookResource.getAllBooks(), with URI template, "/", is treated as a resource method
INFO  [2014-04-06 20:03:58,748] org.eclipse.jetty.server.AbstractConnector: Started InstrumentedBlockingChannelConnector@0.0.0.0:8001
INFO  [2014-04-06 20:03:58,756] org.eclipse.jetty.server.AbstractConnector: Started SocketConnector@0.0.0.0:9001
INFO  [2014-04-07 00:49:53,156] org.eclipse.jetty.server.Server: Graceful shutdown SocketConnector@0.0.0.0:9001
INFO  [2014-04-07 00:49:53,158] org.eclipse.jetty.server.Server: Graceful shutdown InstrumentedBlockingChannelConnector@0.0.0.0:8001
INFO  [2014-04-07 00:49:53,167] org.eclipse.jetty.server.Server: Graceful shutdown o.e.j.s.ServletContextHandler{/,null}
INFO  [2014-04-07 00:49:53,167] org.eclipse.jetty.server.Server: Graceful shutdown o.e.j.s.ServletContextHandler{/,null}
INFO  [2014-04-07 00:49:55,221] org.eclipse.jetty.server.handler.ContextHandler: stopped o.e.j.s.ServletContextHandler{/,null}
INFO  [2014-04-07 00:49:55,221] org.eclipse.jetty.server.handler.ContextHandler: stopped o.e.j.s.ServletContextHandler{/,null}
DEBUG [2014-04-07 00:58:13,839] edu.sjsu.cmpe.library.LibraryService: library-a - Queue name is /queue/37783.book.orders. Topic name is /topic/37783.book.*
WARN  [2014-04-07 00:58:13,864] com.yammer.dropwizard.config.ServerFactory: 
!!!!!!!!!!!!!!!!!!!!!!!!!!!!!!!!!!!!!!!!!!!!!!!!!!!!!!!!!!!!!!!!!!!!!!!!!!!!!!!!
!!!!!!!!!!!!!!!!!!!!!!!!!!!!!!!!!!!!!!!!!!!!!!!!!!!!!!!!!!!!!!!!!!!!!!!!!!!!!!!!
!    THIS SERVICE HAS NO HEALTHCHECKS. THIS MEANS YOU WILL NEVER KNOW IF IT    !
!    DIES IN PRODUCTION, WHICH MEANS YOU WILL NEVER KNOW IF YOU'RE LETTING     !
!     YOUR USERS DOWN. YOU SHOULD ADD A HEALTHCHECK FOR EACH DEPENDENCY OF     !
!     YOUR SERVICE WHICH FULLY (BUT LIGHTLY) TESTS YOUR SERVICE'S ABILITY TO   !
!      USE THAT SERVICE. THINK OF IT AS A CONTINUOUS INTEGRATION TEST.         !
!!!!!!!!!!!!!!!!!!!!!!!!!!!!!!!!!!!!!!!!!!!!!!!!!!!!!!!!!!!!!!!!!!!!!!!!!!!!!!!!
!!!!!!!!!!!!!!!!!!!!!!!!!!!!!!!!!!!!!!!!!!!!!!!!!!!!!!!!!!!!!!!!!!!!!!!!!!!!!!!!
INFO  [2014-04-07 00:58:13,938] com.yammer.dropwizard.cli.ServerCommand: Starting library-service
INFO  [2014-04-07 00:58:13,940] org.eclipse.jetty.server.Server: jetty-8.y.z-SNAPSHOT
INFO  [2014-04-07 00:58:14,071] com.sun.jersey.server.impl.application.WebApplicationImpl: Initiating Jersey application, version 'Jersey: 1.17.1 02/28/2013 12:47 PM'
INFO  [2014-04-07 00:58:14,170] com.yammer.dropwizard.config.Environment: The following paths were found for the configured resources:

    DELETE  /library/v1/books/{isbn} (edu.sjsu.cmpe.library.api.resources.BookResource)
    GET     /library/v1/books/ (edu.sjsu.cmpe.library.api.resources.BookResource)
    GET     /library/v1/books/{isbn} (edu.sjsu.cmpe.library.api.resources.BookResource)
    POST    /library/v1/books (edu.sjsu.cmpe.library.api.resources.BookResource)
    PUT     /library/v1/books/{isbn} (edu.sjsu.cmpe.library.api.resources.BookResource)
    GET     /library/ (edu.sjsu.cmpe.library.ui.resources.HomeResource)
    GET     /library/v1/ (edu.sjsu.cmpe.library.api.resources.RootResource)

INFO  [2014-04-07 00:58:14,171] com.yammer.dropwizard.config.Environment: tasks = 

    POST    /tasks/gc (com.yammer.dropwizard.tasks.GarbageCollectionTask)

WARN  [2014-04-07 00:58:14,701] com.sun.jersey.spi.inject.Errors: The following warnings have been detected with resource and/or provider classes:
  WARNING: A sub-resource method, public edu.sjsu.cmpe.library.dto.BooksDto edu.sjsu.cmpe.library.api.resources.BookResource.getAllBooks(), with URI template, "/", is treated as a resource method
INFO  [2014-04-07 00:58:14,726] org.eclipse.jetty.server.AbstractConnector: Started InstrumentedBlockingChannelConnector@0.0.0.0:8001
INFO  [2014-04-07 00:58:14,731] org.eclipse.jetty.server.AbstractConnector: Started SocketConnector@0.0.0.0:9001
